2022-03-28T11:21:20.500Z - info: Initializing jsreport (version: 3.4.1, configuration file: none, nodejs: 16.13.2)
2022-03-28T11:21:20.505Z - info: Searching for available extensions in C:\work\pofider\test\
2022-03-28T11:21:20.528Z - info: Extensions location cache doesn't contain entry yet, crawling
2022-03-28T11:21:22.482Z - info: Found 35 extension(s)
2022-03-28T11:21:23.129Z - debug: Writing extension locations cache to C:\Users\janbl\AppData\Local\Temp\jsreport\core\locations.json
2022-03-28T11:21:23.132Z - debug: Discovered 35 extensions
2022-03-28T11:21:23.242Z - info: Using extension authentication@3.2.0
2022-03-28T11:21:25.131Z - debug: Extension authentication@3.2.0 was disabled
2022-03-28T11:21:25.133Z - info: Using extension base@3.0.0
2022-03-28T11:21:25.142Z - info: Using extension child-templates@3.0.1
2022-03-28T11:21:25.152Z - info: Using extension cli@3.1.0
2022-03-28T11:21:25.183Z - info: Using extension components@3.2.0
2022-03-28T11:21:25.196Z - info: Using extension data@3.0.1
2022-03-28T11:21:25.207Z - info: Using extension express@3.3.1
2022-03-28T11:21:27.423Z - info: Using extension freeze@3.0.1
2022-03-28T11:21:27.435Z - info: Using extension fs-store@3.1.0
2022-03-28T11:21:28.280Z - debug: Extension fs-store@3.1.0 was disabled
2022-03-28T11:21:28.281Z - info: Using extension handlebars@3.0.0
2022-03-28T11:21:28.290Z - info: Using extension import-export@3.1.1
2022-03-28T11:21:28.410Z - info: Using extension jsrender@3.0.0
2022-03-28T11:21:28.416Z - info: Using extension licensing@3.0.2
2022-03-28T11:21:28.686Z - info: Using extension localization@3.2.0
2022-03-28T11:21:28.693Z - info: Using extension npm@3.1.1
2022-03-28T11:21:28.733Z - info: Using extension pdf-utils@3.3.0
2022-03-28T11:21:28.750Z - info: Using extension reports@3.0.3
2022-03-28T11:21:28.775Z - info: Using extension tags@3.1.0
2022-03-28T11:21:28.811Z - info: Using extension text@3.0.0
2022-03-28T11:21:28.822Z - info: Using extension version-control@3.1.0
2022-03-28T11:21:28.953Z - info: Using extension assets@3.3.0
2022-03-28T11:21:29.052Z - info: Using extension authorization@3.2.0
2022-03-28T11:21:29.095Z - debug: Extension authorization@3.2.0 was disabled
2022-03-28T11:21:29.096Z - info: Using extension browser-client@3.1.0
2022-03-28T11:21:29.130Z - info: Using extension chrome-pdf@3.1.0
2022-03-28T11:21:29.156Z - debug: Chrome strategy is chrome-pool, numberOfWorkers: 1
2022-03-28T11:21:29.158Z - info: Using extension docx@3.2.0
2022-03-28T11:21:29.170Z - info: Using extension html-to-xlsx@3.2.0
2022-03-28T11:21:29.292Z - info: html-to-xlsx detected chrome as available html engine
2022-03-28T11:21:29.293Z - info: Using extension pptx@3.1.0
2022-03-28T11:21:29.303Z - info: Using extension scheduling@3.0.1
2022-03-28T11:21:29.621Z - info: Using extension scripts@3.2.0
2022-03-28T11:21:29.629Z - info: Using extension static-pdf@3.0.0
2022-03-28T11:21:29.638Z - info: Using extension studio@3.4.0
2022-03-28T11:21:30.762Z - info: Using extension xlsx@3.1.0
2022-03-28T11:21:31.076Z - info: Using extension public-templates@3.0.0
2022-03-28T11:21:31.086Z - debug: Extension public-templates@3.0.0 was disabled
2022-03-28T11:21:31.086Z - info: Using extension sample-template@3.1.0
2022-03-28T11:21:31.101Z - info: Using extension studio-theme-dark@3.0.1
2022-03-28T11:21:31.117Z - info: Using general timeout for rendering (reportTimeout: 60000)
2022-03-28T11:21:31.117Z - info: Using memory provider for template store. The saved templates will be lost after restart
2022-03-28T11:21:31.174Z - debug: studio default theme is: light
2022-03-28T11:21:31.189Z - info: Configuring routes for existing express app.
2022-03-28T11:21:31.504Z - info: Using existing server instance.
2022-03-28T11:21:31.510Z - info: Verifying license key free
2022-03-28T11:21:31.512Z - info: Using free license
2022-03-28T11:21:31.519Z - info: Migrating templates chrome settings (waitForNetworkIddle -> waitForNetworkIdle)
2022-03-28T11:21:31.520Z - info: Migration successful
2022-03-28T11:21:31.523Z - debug: Creating samples is disabled
2022-03-28T11:21:31.525Z - info: Initializing worker threads
2022-03-28T11:21:31.526Z - debug: Extensions in workers: base, child-templates, components, data, express, handlebars, jsrender, localization, npm, pdf-utils, reports, text, version-control, assets, browser-client, chrome-pdf, docx, html-to-xlsx, pptx, scripts, static-pdf, studio, xlsx
2022-03-28T11:21:32.843Z - info: 2 worker threads initialized in 1318ms
2022-03-28T11:21:32.844Z - info: Starting temp files cleanup with 180000ms threshold
2022-03-28T11:21:32.845Z - info: reporter initialized
2022-03-28T11:21:39.875Z - debug: OData query on templates
2022-03-28T11:21:39.884Z - debug: OData query on folders
2022-03-28T11:21:39.893Z - debug: OData query on components
2022-03-28T11:21:39.900Z - debug: OData query on data
2022-03-28T11:21:39.905Z - debug: OData query on tags
2022-03-28T11:21:39.910Z - debug: OData query on assets
2022-03-28T11:21:39.917Z - debug: OData query on scripts
2022-03-28T11:21:39.923Z - debug: OData query on schedules
2022-03-28T11:21:39.937Z - debug: OData query on settings
2022-03-28T11:21:40.095Z - debug: OData query on templates
2022-03-28T11:21:40.259Z - debug: OData query on profiles
2022-03-28T11:21:40.301Z - debug: OData query on monitoring
2022-03-28T11:23:06.072Z - info: Initializing jsreport (version: 3.4.1, configuration file: none, nodejs: 16.13.2)
2022-03-28T11:23:06.076Z - info: Searching for available extensions in C:\work\pofider\test\
2022-03-28T11:23:06.085Z - info: Extensions location cache contains up to date information, skipping crawling in C:\work\pofider\test\
2022-03-28T11:23:06.135Z - info: Found 35 extension(s)
2022-03-28T11:23:06.180Z - debug: Writing extension locations cache to C:\Users\janbl\AppData\Local\Temp\jsreport\core\locations.json
2022-03-28T11:23:06.183Z - debug: Discovered 35 extensions
2022-03-28T11:23:06.272Z - info: Using extension authentication@3.2.0
2022-03-28T11:23:06.568Z - info: Using extension base@3.0.0
2022-03-28T11:23:06.574Z - info: Using extension child-templates@3.0.1
2022-03-28T11:23:06.576Z - info: Using extension cli@3.1.0
2022-03-28T11:23:06.581Z - info: Using extension components@3.2.0
2022-03-28T11:23:06.584Z - info: Using extension data@3.0.1
2022-03-28T11:23:06.586Z - info: Using extension express@3.3.1
2022-03-28T11:23:07.003Z - info: Using extension freeze@3.0.1
2022-03-28T11:23:07.005Z - info: Using extension fs-store@3.1.0
2022-03-28T11:23:07.149Z - debug: Extension fs-store@3.1.0 was disabled
2022-03-28T11:23:07.150Z - info: Using extension handlebars@3.0.0
2022-03-28T11:23:07.153Z - info: Using extension import-export@3.1.1
2022-03-28T11:23:07.171Z - info: Using extension jsrender@3.0.0
2022-03-28T11:23:07.172Z - info: Using extension licensing@3.0.2
2022-03-28T11:23:07.222Z - info: Using extension localization@3.2.0
2022-03-28T11:23:07.225Z - info: Using extension npm@3.1.1
2022-03-28T11:23:07.234Z - info: Using extension pdf-utils@3.3.0
2022-03-28T11:23:07.238Z - info: Using extension reports@3.0.3
2022-03-28T11:23:07.243Z - info: Using extension tags@3.1.0
2022-03-28T11:23:07.249Z - info: Using extension text@3.0.0
2022-03-28T11:23:07.252Z - info: Using extension version-control@3.1.0
2022-03-28T11:23:07.276Z - info: Using extension assets@3.3.0
2022-03-28T11:23:07.293Z - info: Using extension authorization@3.2.0
2022-03-28T11:23:07.304Z - info: Using extension browser-client@3.1.0
2022-03-28T11:23:07.308Z - info: Using extension chrome-pdf@3.1.0
2022-03-28T11:23:07.312Z - debug: Chrome strategy is chrome-pool, numberOfWorkers: 1
2022-03-28T11:23:07.314Z - info: Using extension docx@3.2.0
2022-03-28T11:23:07.320Z - info: Using extension html-to-xlsx@3.2.0
2022-03-28T11:23:07.425Z - info: html-to-xlsx detected chrome as available html engine
2022-03-28T11:23:07.425Z - info: Using extension pptx@3.1.0
2022-03-28T11:23:07.429Z - info: Using extension scheduling@3.0.1
2022-03-28T11:23:07.506Z - info: Using extension scripts@3.2.0
2022-03-28T11:23:07.515Z - info: Using extension static-pdf@3.0.0
2022-03-28T11:23:07.523Z - info: Using extension studio@3.4.0
2022-03-28T11:23:07.711Z - info: Using extension xlsx@3.1.0
2022-03-28T11:23:07.754Z - info: Using extension public-templates@3.0.0
2022-03-28T11:23:07.757Z - info: Using extension sample-template@3.1.0
2022-03-28T11:23:07.761Z - info: Using extension studio-theme-dark@3.0.1
2022-03-28T11:23:07.766Z - info: Using general timeout for rendering (reportTimeout: 60000)
2022-03-28T11:23:07.767Z - info: Using memory provider for template store. The saved templates will be lost after restart
2022-03-28T11:23:07.797Z - debug: studio default theme is: light
2022-03-28T11:23:07.827Z - info: Configuring routes for existing express app.
2022-03-28T11:23:07.910Z - info: Using existing server instance.
2022-03-28T11:23:07.913Z - info: Verifying license key free
2022-03-28T11:23:07.920Z - info: Using free license
2022-03-28T11:23:07.928Z - info: Migrating templates chrome settings (waitForNetworkIddle -> waitForNetworkIdle)
2022-03-28T11:23:07.931Z - info: Migration successful
2022-03-28T11:23:07.933Z - debug: Creating samples is disabled
2022-03-28T11:23:07.936Z - info: Initializing worker threads
2022-03-28T11:23:07.937Z - debug: Extensions in workers: authentication, base, child-templates, components, data, express, handlebars, jsrender, localization, npm, pdf-utils, reports, text, version-control, assets, authorization, browser-client, chrome-pdf, docx, html-to-xlsx, pptx, scripts, static-pdf, studio, xlsx
2022-03-28T11:23:08.353Z - info: 2 worker threads initialized in 417ms
2022-03-28T11:23:08.354Z - info: Starting temp files cleanup with 180000ms threshold
2022-03-28T11:23:08.355Z - info: reporter initialized
2022-03-28T11:23:13.050Z - debug: OData query on templates
2022-03-28T11:23:13.061Z - debug: OData query on folders
2022-03-28T11:23:13.072Z - debug: OData query on components
2022-03-28T11:23:13.079Z - debug: OData query on data
2022-03-28T11:23:13.091Z - debug: OData query on tags
2022-03-28T11:23:13.104Z - debug: OData query on assets
2022-03-28T11:23:13.112Z - debug: OData query on scripts
2022-03-28T11:23:13.125Z - debug: OData query on users
2022-03-28T11:23:13.144Z - debug: OData query on usersGroups
2022-03-28T11:23:13.158Z - debug: OData query on schedules
2022-03-28T11:23:13.177Z - debug: OData query on settings
2022-03-28T11:23:13.298Z - debug: OData query on templates
2022-03-28T11:23:13.355Z - debug: OData query on profiles
2022-03-28T11:23:13.395Z - debug: OData query on monitoring
2022-03-28T11:23:33.213Z - info: Initializing jsreport (version: 3.4.1, configuration file: none, nodejs: 16.13.2)
2022-03-28T11:23:33.218Z - info: Searching for available extensions in C:\work\pofider\test\
2022-03-28T11:23:33.237Z - info: Extensions location cache contains up to date information, skipping crawling in C:\work\pofider\test\
2022-03-28T11:23:33.290Z - info: Found 35 extension(s)
2022-03-28T11:23:33.337Z - debug: Writing extension locations cache to C:\Users\janbl\AppData\Local\Temp\jsreport\core\locations.json
2022-03-28T11:23:33.339Z - debug: Discovered 35 extensions
2022-03-28T11:23:33.419Z - info: Using extension authentication@3.2.0
2022-03-28T11:23:33.689Z - info: Using extension base@3.0.0
2022-03-28T11:23:33.695Z - info: Using extension child-templates@3.0.1
2022-03-28T11:23:33.697Z - info: Using extension cli@3.1.0
2022-03-28T11:23:33.702Z - info: Using extension components@3.2.0
2022-03-28T11:23:33.704Z - info: Using extension data@3.0.1
2022-03-28T11:23:33.708Z - info: Using extension express@3.3.1
2022-03-28T11:23:34.098Z - info: Using extension freeze@3.0.1
2022-03-28T11:23:34.101Z - info: Using extension fs-store@3.1.0
2022-03-28T11:23:34.235Z - debug: Extension fs-store@3.1.0 was disabled
2022-03-28T11:23:34.236Z - info: Using extension handlebars@3.0.0
2022-03-28T11:23:34.239Z - info: Using extension import-export@3.1.1
2022-03-28T11:23:34.257Z - info: Using extension jsrender@3.0.0
2022-03-28T11:23:34.260Z - info: Using extension licensing@3.0.2
2022-03-28T11:23:34.307Z - info: Using extension localization@3.2.0
2022-03-28T11:23:34.309Z - info: Using extension npm@3.1.1
2022-03-28T11:23:34.316Z - info: Using extension pdf-utils@3.3.0
2022-03-28T11:23:34.319Z - info: Using extension reports@3.0.3
2022-03-28T11:23:34.323Z - info: Using extension tags@3.1.0
2022-03-28T11:23:34.327Z - info: Using extension text@3.0.0
2022-03-28T11:23:34.331Z - info: Using extension version-control@3.1.0
2022-03-28T11:23:34.355Z - info: Using extension assets@3.3.0
2022-03-28T11:23:34.376Z - info: Using extension authorization@3.2.0
2022-03-28T11:23:34.383Z - info: Using extension browser-client@3.1.0
2022-03-28T11:23:34.387Z - info: Using extension chrome-pdf@3.1.0
2022-03-28T11:23:34.391Z - debug: Chrome strategy is chrome-pool, numberOfWorkers: 1
2022-03-28T11:23:34.392Z - info: Using extension docx@3.2.0
2022-03-28T11:23:34.398Z - info: Using extension html-to-xlsx@3.2.0
2022-03-28T11:23:34.499Z - info: html-to-xlsx detected chrome as available html engine
2022-03-28T11:23:34.500Z - info: Using extension pptx@3.1.0
2022-03-28T11:23:34.503Z - info: Using extension scheduling@3.0.1
2022-03-28T11:23:34.561Z - info: Using extension scripts@3.2.0
2022-03-28T11:23:34.563Z - info: Using extension static-pdf@3.0.0
2022-03-28T11:23:34.565Z - info: Using extension studio@3.4.0
2022-03-28T11:23:34.729Z - info: Using extension xlsx@3.1.0
2022-03-28T11:23:34.777Z - info: Using extension public-templates@3.0.0
2022-03-28T11:23:34.780Z - info: Using extension sample-template@3.1.0
2022-03-28T11:23:34.784Z - info: Using extension studio-theme-dark@3.0.1
2022-03-28T11:23:34.787Z - info: Using general timeout for rendering (reportTimeout: 60000)
2022-03-28T11:23:34.787Z - info: Using memory provider for template store. The saved templates will be lost after restart
2022-03-28T11:23:34.816Z - debug: studio default theme is: light
2022-03-28T11:23:34.838Z - info: Configuring routes for existing express app.
2022-03-28T11:23:34.869Z - info: Using existing server instance.
2022-03-28T11:23:34.872Z - info: Verifying license key free
2022-03-28T11:23:34.877Z - info: Using free license
2022-03-28T11:23:34.889Z - info: Migrating templates chrome settings (waitForNetworkIddle -> waitForNetworkIdle)
2022-03-28T11:23:34.891Z - info: Migration successful
2022-03-28T11:23:34.893Z - debug: Creating samples is disabled
2022-03-28T11:23:34.895Z - info: Initializing worker threads
2022-03-28T11:23:34.896Z - debug: Extensions in workers: authentication, base, child-templates, components, data, express, handlebars, jsrender, localization, npm, pdf-utils, reports, text, version-control, assets, authorization, browser-client, chrome-pdf, docx, html-to-xlsx, pptx, scripts, static-pdf, studio, xlsx
2022-03-28T11:23:35.252Z - info: 2 worker threads initialized in 357ms
2022-03-28T11:23:35.253Z - info: Starting temp files cleanup with 180000ms threshold
2022-03-28T11:23:35.254Z - info: reporter initialized
2022-03-28T11:23:43.838Z - info: Logging in user admin
2022-03-28T11:23:44.651Z - debug: OData query on templates
2022-03-28T11:23:44.663Z - debug: OData query on folders
2022-03-28T11:23:44.676Z - debug: OData query on components
2022-03-28T11:23:44.688Z - debug: OData query on data
2022-03-28T11:23:44.694Z - debug: OData query on tags
2022-03-28T11:23:44.702Z - debug: OData query on assets
2022-03-28T11:23:44.707Z - debug: OData query on scripts
2022-03-28T11:23:44.712Z - debug: OData query on users
2022-03-28T11:23:44.723Z - debug: OData query on usersGroups
2022-03-28T11:23:44.729Z - debug: OData query on schedules
2022-03-28T11:23:44.746Z - debug: OData query on settings
2022-03-28T11:23:44.880Z - debug: OData query on templates
2022-03-28T11:23:44.945Z - debug: OData query on profiles
2022-03-28T11:23:44.980Z - debug: OData query on monitoring
